[debug] [2025-01-08T00:39:00.921Z] ----------------------------------------------------------------------
[debug] [2025-01-08T00:39:00.930Z] Command:       C:\Program Files\nodejs\node.exe C:\Users\Jaguar\AppData\Roaming\npm\node_modules\firebase-tools\lib\bin\firebase.js init hosting
[debug] [2025-01-08T00:39:00.930Z] CLI Version:   13.29.1
[debug] [2025-01-08T00:39:00.931Z] Platform:      win32
[debug] [2025-01-08T00:39:00.931Z] Node Version:  v22.13.0
[debug] [2025-01-08T00:39:00.932Z] Time:          Tue Jan 07 2025 21:39:00 GMT-0300 (Horário Padrão de Brasília)
[debug] [2025-01-08T00:39:00.932Z] ----------------------------------------------------------------------
[debug] 
[debug] [2025-01-08T00:39:00.945Z] > command requires scopes: ["email","openid","https://www.googleapis.com/auth/cloudplatformprojects.readonly","https://www.googleapis.com/auth/firebase","https://www.googleapis.com/auth/cloud-platform"]
[debug] [2025-01-08T00:39:00.946Z] > authorizing via signed-in user (gutumendes8@gmail.com)
[info] 
     ######## #### ########  ######## ########     ###     ######  ########
     ##        ##  ##     ## ##       ##     ##  ##   ##  ##       ##
     ######    ##  ########  ######   ########  #########  ######  ######
     ##        ##  ##    ##  ##       ##     ## ##     ##       ## ##
     ##       #### ##     ## ######## ########  ##     ##  ######  ########

You're about to initialize a Firebase project in this directory:

  C:\Users\Jaguar\OneDrive\Documentos\Projeto\agenda

[info] 
=== Project Setup
[info] 
[info] First, let's associate this project directory with a Firebase project.
[info] You can create multiple project aliases by running firebase use --add, 
[info] but for now we'll just set up a default project.
[info] 
[debug] [2025-01-08T00:39:17.815Z] Checked if tokens are valid: true, expires at: 1736300319418
[debug] [2025-01-08T00:39:17.815Z] Checked if tokens are valid: true, expires at: 1736300319418
[debug] [2025-01-08T00:39:17.817Z] >>> [apiv2][query] GET https://firebase.googleapis.com/v1beta1/projects pageSize=100
[debug] [2025-01-08T00:39:18.881Z] <<< [apiv2][status] GET https://firebase.googleapis.com/v1beta1/projects 200
[debug] [2025-01-08T00:39:18.881Z] <<< [apiv2][body] GET https://firebase.googleapis.com/v1beta1/projects [omitted]
[info] i  Using project agenda-2fc38 (Agenda) 
[info] 
=== Hosting Setup
[debug] [2025-01-08T00:39:26.070Z] Checked if tokens are valid: true, expires at: 1736300319418
[debug] [2025-01-08T00:39:26.071Z] Checked if tokens are valid: true, expires at: 1736300319418
[debug] [2025-01-08T00:39:26.071Z] >>> [apiv2][query] GET https://firebase.googleapis.com/v1beta1/projects/agenda-2fc38 [none]
[debug] [2025-01-08T00:39:26.543Z] <<< [apiv2][status] GET https://firebase.googleapis.com/v1beta1/projects/agenda-2fc38 200
[debug] [2025-01-08T00:39:26.544Z] <<< [apiv2][body] GET https://firebase.googleapis.com/v1beta1/projects/agenda-2fc38 {"projectId":"agenda-2fc38","projectNumber":"284722997734","displayName":"Agenda","name":"projects/agenda-2fc38","resources":{"hostingSite":"agenda-2fc38"},"state":"ACTIVE","etag":"1_8a123054-bd42-4053-bda0-7432e2859d7f"}
[info] 
[info] Your public directory is the folder (relative to your project directory) that
[info] will contain Hosting assets to be uploaded with firebase deploy. If you
[info] have a build process for your assets, use your build's output directory.
[info] 
[debug] [2025-01-08T00:40:03.323Z] >>> [apiv2][query] GET https://www.gstatic.com/firebasejs/releases.json [none]
[debug] [2025-01-08T00:40:03.485Z] <<< [apiv2][status] GET https://www.gstatic.com/firebasejs/releases.json 200
[debug] [2025-01-08T00:40:03.486Z] <<< [apiv2][body] GET https://www.gstatic.com/firebasejs/releases.json {"current":{"version":"11.1.0","browserURL":"https://www.gstatic.com/firebasejs/11.1.0/firebase.js","packageURL":"https://www.gstatic.com/firebasejs/11.1.0/firebase.tgz"},"live":{"version":"11.1","browserURL":"https://www.gstatic.com/firebasejs/live/11.1/firebase.js","packageURL":"https://www.gstatic.com/firebasejs/live/11.1/firebase.tgz"},"components":{"analytics":"https://www.gstatic.com/firebasejs/11.1.0/firebase-analytics.js","app":"https://www.gstatic.com/firebasejs/11.1.0/firebase-app.js","app-check":"https://www.gstatic.com/firebasejs/11.1.0/firebase-app-check.js","auth":"https://www.gstatic.com/firebasejs/11.1.0/firebase-auth.js","auth/cordova":"https://www.gstatic.com/firebasejs/11.1.0/firebase-auth/cordova.js","auth/web-extension":"https://www.gstatic.com/firebasejs/11.1.0/firebase-auth/web-extension.js","functions":"https://www.gstatic.com/firebasejs/11.1.0/firebase-functions.js","firestore":"https://www.gstatic.com/firebasejs/11.1.0/firebase-firestore.js","firestore/lite":"https://www.gstatic.com/firebasejs/11.1.0/firebase-firestore/lite.js","installations":"https://www.gstatic.com/firebasejs/11.1.0/firebase-installations.js","storage":"https://www.gstatic.com/firebasejs/11.1.0/firebase-storage.js","performance":"https://www.gstatic.com/firebasejs/11.1.0/firebase-performance.js","remote-config":"https://www.gstatic.com/firebasejs/11.1.0/firebase-remote-config.js","messaging":"https://www.gstatic.com/firebasejs/11.1.0/firebase-messaging.js","messaging/sw":"https://www.gstatic.com/firebasejs/11.1.0/firebase-messaging/sw.js","database":"https://www.gstatic.com/firebasejs/11.1.0/firebase-database.js","vertexai":"https://www.gstatic.com/firebasejs/11.1.0/firebase-vertexai.js","data-connect":"https://www.gstatic.com/firebasejs/11.1.0/firebase-data-connect.js","firestore.memory":"https://www.gstatic.com/firebasejs/11.1.0/firebase-firestore.memory.js"}}
[info] +  Wrote (public)/index.html 
[info] 
[info] i  Didn't detect a .git folder. Assuming C:\Users\Jaguar\OneDrive\Documentos\Projeto\agenda is the project root. 
[info] i  Authorizing with GitHub to upload your service account to a GitHub repository's secrets store. 
[info] 
[info] Visit this URL on this device to log in:
[info] https://github.com/login/oauth/authorize?client_id=89cf50f02ac6aaed3484&state=453928530&redirect_uri=http%3A%2F%2Flocalhost%3A9005&scope=read%3Auser%20repo%20public_repo
[info] 
[info] Waiting for authentication...
[debug] [2025-01-08T00:49:37.173Z] >>> [apiv2][query] POST https://github.com/login/oauth/access_token [none]
[debug] [2025-01-08T00:49:37.174Z] >>> [apiv2][body] POST https://github.com/login/oauth/access_token [stream]
[debug] [2025-01-08T00:49:37.516Z] <<< [apiv2][status] POST https://github.com/login/oauth/access_token 200
[debug] [2025-01-08T00:49:37.516Z] <<< [apiv2][body] POST https://github.com/login/oauth/access_token {"access_token":"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","token_type":"bearer","scope":"read:user,repo"}
[debug] [2025-01-08T00:49:37.522Z] >>> [apiv2][query] GET https://api.github.com/user [none]
[debug] [2025-01-08T00:49:37.871Z] <<< [apiv2][status] GET https://api.github.com/user 200
[debug] [2025-01-08T00:49:37.871Z] <<< [apiv2][body] GET https://api.github.com/user {"login":"GusttavoJaguar","id":71243629,"node_id":"MDQ6VXNlcjcxMjQzNjI5","avatar_url":"https://avatars.githubusercontent.com/u/71243629?v=4","gravatar_id":"","url":"https://api.github.com/users/GusttavoJaguar","html_url":"https://github.com/GusttavoJaguar","followers_url":"https://api.github.com/users/GusttavoJaguar/followers","following_url":"https://api.github.com/users/GusttavoJaguar/following{/other_user}","gists_url":"https://api.github.com/users/GusttavoJaguar/gists{/gist_id}","starred_url":"https://api.github.com/users/GusttavoJaguar/starred{/owner}{/repo}","subscriptions_url":"https://api.github.com/users/GusttavoJaguar/subscriptions","organizations_url":"https://api.github.com/users/GusttavoJaguar/orgs","repos_url":"https://api.github.com/users/GusttavoJaguar/repos","events_url":"https://api.github.com/users/GusttavoJaguar/events{/privacy}","received_events_url":"https://api.github.com/users/GusttavoJaguar/received_events","type":"User","user_view_type":"private","site_admin":false,"name":"GUSTTAVO JAGUAR","company":null,"blog":"","location":null,"email":null,"hireable":null,"bio":null,"twitter_username":null,"notification_email":null,"public_repos":15,"public_gists":0,"followers":1,"following":1,"created_at":"2020-09-14T03:19:11Z","updated_at":"2025-01-08T00:47:20Z","private_gists":0,"total_private_repos":0,"owned_private_repos":0,"disk_usage":138584,"collaborators":0,"two_factor_authentication":false,"plan":{"name":"free","space":976562499,"collaborators":0,"private_repos":10000}}
[info] 
[info] +  Success! Logged into GitHub as GusttavoJaguar 
[info] 
[debug] [2025-01-08T00:49:37.886Z] >>> [apiv2][query] GET https://api.github.com/repos//actions/secrets/public-key type=owner
[debug] [2025-01-08T00:49:37.888Z] >>> [apiv2][query] GET https://api.github.com/repos//actions/secrets/public-key type=owner
[debug] [2025-01-08T00:49:37.892Z] >>> [apiv2][query] GET https://api.github.com/repos//actions/secrets/public-key type=owner
[debug] [2025-01-08T00:49:37.896Z] >>> [apiv2][query] GET https://api.github.com/repos//actions/secrets/public-key type=owner
[debug] [2025-01-08T00:49:37.900Z] >>> [apiv2][query] GET https://api.github.com/repos//actions/secrets/public-key type=owner
[debug] [2025-01-08T00:49:37.903Z] >>> [apiv2][query] GET https://api.github.com/repos//actions/secrets/public-key type=owner
[debug] [2025-01-08T00:49:37.906Z] >>> [apiv2][query] GET https://api.github.com/repos//actions/secrets/public-key type=owner
[debug] [2025-01-08T00:49:37.911Z] >>> [apiv2][query] GET https://api.github.com/repos//actions/secrets/public-key type=owner
[debug] [2025-01-08T00:49:38.137Z] <<< [apiv2][status] GET https://api.github.com/repos//actions/secrets/public-key 404
[debug] [2025-01-08T00:49:38.138Z] <<< [apiv2][body] GET https://api.github.com/repos//actions/secrets/public-key {"message":"Not Found","documentation_url":"https://docs.github.com/rest","status":"404"}
[info] 
[info] 
[error] !  The provided authorization cannot be used with this repository. If this repository is in an organization, did you remember to grant access? 
[info] 
[info] i  Action required: Visit this URL to ensure access has been granted to the appropriate organization(s) for the Firebase CLI GitHub OAuth App: 
[info] https://github.com/settings/connections/applications/89cf50f02ac6aaed3484
[info] 
[debug] [2025-01-08T00:49:38.208Z] <<< [apiv2][status] GET https://api.github.com/repos//actions/secrets/public-key 404
[debug] [2025-01-08T00:49:38.209Z] <<< [apiv2][body] GET https://api.github.com/repos//actions/secrets/public-key {"message":"Not Found","documentation_url":"https://docs.github.com/rest","status":"404"}
[info] 
[info] 
[error] !  The provided authorization cannot be used with this repository. If this repository is in an organization, did you remember to grant access? 
[info] 
[info] i  Action required: Visit this URL to ensure access has been granted to the appropriate organization(s) for the Firebase CLI GitHub OAuth App: 
[info] https://github.com/settings/connections/applications/89cf50f02ac6aaed3484
[info] 
[debug] [2025-01-08T00:49:38.220Z] <<< [apiv2][status] GET https://api.github.com/repos//actions/secrets/public-key 404
[debug] [2025-01-08T00:49:38.220Z] <<< [apiv2][body] GET https://api.github.com/repos//actions/secrets/public-key {"message":"Not Found","documentation_url":"https://docs.github.com/rest","status":"404"}
[info] 
[info] 
[error] !  The provided authorization cannot be used with this repository. If this repository is in an organization, did you remember to grant access? 
[info] 
[info] i  Action required: Visit this URL to ensure access has been granted to the appropriate organization(s) for the Firebase CLI GitHub OAuth App: 
[info] https://github.com/settings/connections/applications/89cf50f02ac6aaed3484
[info] 
[debug] [2025-01-08T00:49:38.231Z] <<< [apiv2][status] GET https://api.github.com/repos//actions/secrets/public-key 404
[debug] [2025-01-08T00:49:38.231Z] <<< [apiv2][body] GET https://api.github.com/repos//actions/secrets/public-key {"message":"Not Found","documentation_url":"https://docs.github.com/rest","status":"404"}
[info] 
[info] 
[error] !  The provided authorization cannot be used with this repository. If this repository is in an organization, did you remember to grant access? 
[info] 
[info] i  Action required: Visit this URL to ensure access has been granted to the appropriate organization(s) for the Firebase CLI GitHub OAuth App: 
[info] https://github.com/settings/connections/applications/89cf50f02ac6aaed3484
[info] 
[debug] [2025-01-08T00:49:38.242Z] <<< [apiv2][status] GET https://api.github.com/repos//actions/secrets/public-key 404
[debug] [2025-01-08T00:49:38.242Z] <<< [apiv2][body] GET https://api.github.com/repos//actions/secrets/public-key {"message":"Not Found","documentation_url":"https://docs.github.com/rest","status":"404"}
[info] 
[info] 
[error] !  The provided authorization cannot be used with this repository. If this repository is in an organization, did you remember to grant access? 
[info] 
[info] i  Action required: Visit this URL to ensure access has been granted to the appropriate organization(s) for the Firebase CLI GitHub OAuth App: 
[info] https://github.com/settings/connections/applications/89cf50f02ac6aaed3484
[info] 
[debug] [2025-01-08T00:49:38.256Z] <<< [apiv2][status] GET https://api.github.com/repos//actions/secrets/public-key 404
[debug] [2025-01-08T00:49:38.256Z] <<< [apiv2][body] GET https://api.github.com/repos//actions/secrets/public-key {"message":"Not Found","documentation_url":"https://docs.github.com/rest","status":"404"}
[info] 
[info] 
[error] !  The provided authorization cannot be used with this repository. If this repository is in an organization, did you remember to grant access? 
[info] 
[info] i  Action required: Visit this URL to ensure access has been granted to the appropriate organization(s) for the Firebase CLI GitHub OAuth App: 
[info] https://github.com/settings/connections/applications/89cf50f02ac6aaed3484
[info] 
[debug] [2025-01-08T00:49:38.262Z] <<< [apiv2][status] GET https://api.github.com/repos//actions/secrets/public-key 404
[debug] [2025-01-08T00:49:38.262Z] <<< [apiv2][body] GET https://api.github.com/repos//actions/secrets/public-key {"message":"Not Found","documentation_url":"https://docs.github.com/rest","status":"404"}
[info] 
[info] 
[error] !  The provided authorization cannot be used with this repository. If this repository is in an organization, did you remember to grant access? 
[info] 
[info] i  Action required: Visit this URL to ensure access has been granted to the appropriate organization(s) for the Firebase CLI GitHub OAuth App: 
[info] https://github.com/settings/connections/applications/89cf50f02ac6aaed3484
[info] 
[debug] [2025-01-08T00:49:38.286Z] <<< [apiv2][status] GET https://api.github.com/repos//actions/secrets/public-key 404
[debug] [2025-01-08T00:49:38.286Z] <<< [apiv2][body] GET https://api.github.com/repos//actions/secrets/public-key {"message":"Not Found","documentation_url":"https://docs.github.com/rest","status":"404"}
[info] 
[info] 
[error] !  The provided authorization cannot be used with this repository. If this repository is in an organization, did you remember to grant access? 
[info] 
[info] i  Action required: Visit this URL to ensure access has been granted to the appropriate organization(s) for the Firebase CLI GitHub OAuth App: 
[info] https://github.com/settings/connections/applications/89cf50f02ac6aaed3484
[info] 
